[handleMsg]:  {
  key: {
    remoteJid: '51988113522@s.whatsapp.net',
    fromMe: false,
    id: '3EB0A48BB43AE18EF088D5',
    participant: undefined
  },
  messageTimestamp: 1691433482,
  pushName: 'Cristina',
  broadcast: false,
  message: Message {
    conversation: 'menu',
    messageContextInfo: MessageContextInfo {
      deviceListMetadata: [DeviceListMetadata],
      deviceListMetadataVersion: 2
    }
  },
  body: 'menu',
  from: '51988113522'
}
[handleMsg]:  {
  key: {
    remoteJid: '51988113522@s.whatsapp.net',
    fromMe: false,
    id: '3EB0E41F3E8288BAEC0805',
    participant: undefined
  },
  messageTimestamp: 1691433485,
  pushName: 'Cristina',
  broadcast: false,
  message: Message {
    conversation: '2',
    messageContextInfo: MessageContextInfo {
      deviceListMetadata: [DeviceListMetadata],
      deviceListMetadataVersion: 2
    }
  },
  body: '2',
  from: '51988113522'
}
[handleMsg]:  {
  key: {
    remoteJid: '51988113522@s.whatsapp.net',
    fromMe: false,
    id: '3EB02F9C1457DCAB0EB3B4',
    participant: undefined
  },
  messageTimestamp: 1691433490,
  pushName: 'Cristina',
  broadcast: false,
  message: Message {
    conversation: '23',
    messageContextInfo: MessageContextInfo {
      deviceListMetadata: [DeviceListMetadata],
      deviceListMetadataVersion: 2
    }
  },
  body: '23',
  from: '51988113522'
}
[handleMsg]:  {
  key: {
    remoteJid: '51988113522@s.whatsapp.net',
    fromMe: false,
    id: '3EB01821BBC6D5F5385BCD',
    participant: undefined
  },
  messageTimestamp: 1691433493,
  pushName: 'Cristina',
  broadcast: false,
  message: Message {
    conversation: '1',
    messageContextInfo: MessageContextInfo {
      deviceListMetadata: [DeviceListMetadata],
      deviceListMetadataVersion: 2
    }
  },
  body: '1',
  from: '51988113522'
}
